e:\users\helloworld\sph\debug\vc140.pdb
e:\users\helloworld\sph\debug\vector.obj
e:\users\helloworld\sph\debug\sph_common.obj
e:\users\helloworld\sph\debug\sphsystem.obj
e:\users\helloworld\sph\debug\neighbourlist.obj
e:\users\helloworld\sph\debug\myfilerw.obj
e:\users\helloworld\sph\debug\marching_cube.obj
e:\users\helloworld\sph\debug\main2.obj
e:\users\helloworld\sph\debug\glg.obj
e:\users\helloworld\sph\debug\fluid.obj
e:\users\helloworld\sph\debug\cpu_sph.obj
e:\users\helloworld\debug\sph.ilk
e:\users\helloworld\debug\sph.exe
e:\users\helloworld\debug\sph.pdb
e:\users\helloworld\sph\debug\sph.tlog\cl.command.1.tlog
e:\users\helloworld\sph\debug\sph.tlog\cl.read.1.tlog
e:\users\helloworld\sph\debug\sph.tlog\cl.write.1.tlog
e:\users\helloworld\sph\debug\sph.tlog\link.command.1.tlog
e:\users\helloworld\sph\debug\sph.tlog\link.read.1.tlog
e:\users\helloworld\sph\debug\sph.tlog\link.write.1.tlog
